<?xml version="1.0" encoding="UTF-8"?>
<testng-results skipped="0" failed="0" ignored="0" total="7" passed="7">
  <reporter-output>
  </reporter-output>
  <suite name="test maven builds" duration-ms="109024" started-at="2019-03-23T10:19:03Z" finished-at="2019-03-23T10:20:52Z">
    <groups>
    </groups>
    <test name="Test maven testing" duration-ms="109024" started-at="2019-03-23T10:19:03Z" finished-at="2019-03-23T10:20:52Z">
      <class name="testProject.HomepageTestCase">
        <test-method status="PASS" signature="setup()[pri:0, instance:testProject.HomepageTestCase@2812cbfa]" name="setup" is-config="true" duration-ms="13700" started-at="2019-03-23T15:49:39Z" finished-at="2019-03-23T15:49:53Z">
          <reporter-output>
          </reporter-output>
        </test-method> <!-- setup -->
        <test-method status="PASS" signature="clickOnLearnMoreTestCase()[pri:0, instance:testProject.HomepageTestCase@2812cbfa]" name="clickOnLearnMoreTestCase" duration-ms="3458" started-at="2019-03-23T15:49:53Z" finished-at="2019-03-23T15:49:56Z">
          <reporter-output>
          </reporter-output>
        </test-method> <!-- clickOnLearnMoreTestCase -->
        <test-method status="PASS" signature="teardown()[pri:0, instance:testProject.HomepageTestCase@2812cbfa]" name="teardown" is-config="true" duration-ms="76" started-at="2019-03-23T15:49:56Z" finished-at="2019-03-23T15:49:56Z">
          <reporter-output>
          </reporter-output>
        </test-method> <!-- teardown -->
        <test-method status="PASS" signature="setup()[pri:0, instance:testProject.HomepageTestCase@2812cbfa]" name="setup" is-config="true" duration-ms="12155" started-at="2019-03-23T15:49:56Z" finished-at="2019-03-23T15:50:08Z">
          <reporter-output>
          </reporter-output>
        </test-method> <!-- setup -->
        <test-method status="PASS" signature="homePageTitleTestCase()[pri:0, instance:testProject.HomepageTestCase@2812cbfa]" name="homePageTitleTestCase" duration-ms="12" started-at="2019-03-23T15:50:08Z" finished-at="2019-03-23T15:50:08Z">
          <reporter-output>
          </reporter-output>
        </test-method> <!-- homePageTitleTestCase -->
        <test-method status="PASS" signature="teardown()[pri:0, instance:testProject.HomepageTestCase@2812cbfa]" name="teardown" is-config="true" duration-ms="71" started-at="2019-03-23T15:50:08Z" finished-at="2019-03-23T15:50:09Z">
          <reporter-output>
          </reporter-output>
        </test-method> <!-- teardown -->
        <test-method status="PASS" signature="setup()[pri:0, instance:testProject.HomepageTestCase@2812cbfa]" name="setup" is-config="true" duration-ms="12748" started-at="2019-03-23T15:50:09Z" finished-at="2019-03-23T15:50:21Z">
          <reporter-output>
          </reporter-output>
        </test-method> <!-- setup -->
        <test-method status="PASS" signature="homePageUrlTestCase()[pri:0, instance:testProject.HomepageTestCase@2812cbfa]" name="homePageUrlTestCase" duration-ms="12" started-at="2019-03-23T15:50:21Z" finished-at="2019-03-23T15:50:21Z">
          <reporter-output>
          </reporter-output>
        </test-method> <!-- homePageUrlTestCase -->
        <test-method status="PASS" signature="teardown()[pri:0, instance:testProject.HomepageTestCase@2812cbfa]" name="teardown" is-config="true" duration-ms="83" started-at="2019-03-23T15:50:21Z" finished-at="2019-03-23T15:50:21Z">
          <reporter-output>
          </reporter-output>
        </test-method> <!-- teardown -->
      </class> <!-- testProject.HomepageTestCase -->
      <class name="testProject.LearnMoreTestCase">
        <test-method status="PASS" signature="setup()[pri:0, instance:testProject.LearnMoreTestCase@2d6e8792]" name="setup" is-config="true" duration-ms="17778" started-at="2019-03-23T15:49:03Z" finished-at="2019-03-23T15:49:21Z">
          <reporter-output>
          </reporter-output>
        </test-method> <!-- setup -->
        <test-method status="PASS" signature="learnMoreTitleTestCase()[pri:0, instance:testProject.LearnMoreTestCase@2d6e8792]" name="learnMoreTitleTestCase" duration-ms="84" started-at="2019-03-23T15:49:21Z" finished-at="2019-03-23T15:49:21Z">
          <reporter-output>
          </reporter-output>
        </test-method> <!-- learnMoreTitleTestCase -->
        <test-method status="PASS" signature="tearDown()[pri:0, instance:testProject.LearnMoreTestCase@2d6e8792]" name="tearDown" is-config="true" duration-ms="2117" started-at="2019-03-23T15:49:21Z" finished-at="2019-03-23T15:49:23Z">
          <reporter-output>
          </reporter-output>
        </test-method> <!-- tearDown -->
        <test-method status="PASS" signature="setup()[pri:0, instance:testProject.LearnMoreTestCase@2d6e8792]" name="setup" is-config="true" duration-ms="15486" started-at="2019-03-23T15:49:23Z" finished-at="2019-03-23T15:49:39Z">
          <reporter-output>
          </reporter-output>
        </test-method> <!-- setup -->
        <test-method status="PASS" signature="readMainHeadsTestCase()[pri:0, instance:testProject.LearnMoreTestCase@2d6e8792]" name="readMainHeadsTestCase" duration-ms="145" started-at="2019-03-23T15:49:39Z" finished-at="2019-03-23T15:49:39Z">
          <reporter-output>
          </reporter-output>
        </test-method> <!-- readMainHeadsTestCase -->
        <test-method status="PASS" signature="tearDown()[pri:0, instance:testProject.LearnMoreTestCase@2d6e8792]" name="tearDown" is-config="true" duration-ms="89" started-at="2019-03-23T15:49:39Z" finished-at="2019-03-23T15:49:39Z">
          <reporter-output>
          </reporter-output>
        </test-method> <!-- tearDown -->
      </class> <!-- testProject.LearnMoreTestCase -->
      <class name="testProject.TellUsTestCase">
        <test-method status="PASS" signature="setup()[pri:0, instance:testProject.TellUsTestCase@2acf57e3]" name="setup" is-config="true" duration-ms="14974" started-at="2019-03-23T15:50:21Z" finished-at="2019-03-23T15:50:36Z">
          <reporter-output>
          </reporter-output>
        </test-method> <!-- setup -->
        <test-method status="PASS" signature="learnMoreTitleTestCase()[pri:0, instance:testProject.TellUsTestCase@2acf57e3]" name="learnMoreTitleTestCase" duration-ms="112" started-at="2019-03-23T15:50:36Z" finished-at="2019-03-23T15:50:36Z">
          <reporter-output>
          </reporter-output>
        </test-method> <!-- learnMoreTitleTestCase -->
        <test-method status="PASS" signature="tearDown()[pri:0, instance:testProject.TellUsTestCase@2acf57e3]" name="tearDown" is-config="true" duration-ms="71" started-at="2019-03-23T15:50:36Z" finished-at="2019-03-23T15:50:37Z">
          <reporter-output>
          </reporter-output>
        </test-method> <!-- tearDown -->
        <test-method status="PASS" signature="setup()[pri:0, instance:testProject.TellUsTestCase@2acf57e3]" name="setup" is-config="true" duration-ms="15645" started-at="2019-03-23T15:50:37Z" finished-at="2019-03-23T15:50:52Z">
          <reporter-output>
          </reporter-output>
        </test-method> <!-- setup -->
        <test-method status="PASS" signature="readMainHeadsTestCase()[pri:0, instance:testProject.TellUsTestCase@2acf57e3]" name="readMainHeadsTestCase" duration-ms="115" started-at="2019-03-23T15:50:52Z" finished-at="2019-03-23T15:50:52Z">
          <reporter-output>
          </reporter-output>
        </test-method> <!-- readMainHeadsTestCase -->
        <test-method status="PASS" signature="tearDown()[pri:0, instance:testProject.TellUsTestCase@2acf57e3]" name="tearDown" is-config="true" duration-ms="72" started-at="2019-03-23T15:50:52Z" finished-at="2019-03-23T15:50:52Z">
          <reporter-output>
          </reporter-output>
        </test-method> <!-- tearDown -->
      </class> <!-- testProject.TellUsTestCase -->
    </test> <!-- Test maven testing -->
  </suite> <!-- test maven builds -->
</testng-results>
