<?xml version="1.0" encoding="UTF-8"?>
<!-- Generated by org.testng.reporters.JUnitXMLReporter -->
<testsuite hostname="DESKTOP-ODNDU34" ignored="0" name="Test maven testing(failed)" tests="2" failures="0" timestamp="23 Mar 2019 15:16:06 GMT" time="44.069" errors="0">
  <testcase name="learnMoreTitleTestCase" time="0.063" classname="testProject.LearnMoreTestCase"/>
  <testcase name="readMainHeadsTestCase" time="0.163" classname="testProject.LearnMoreTestCase"/>
</testsuite> <!-- Test maven testing(failed) -->
