<?xml version="1.0" encoding="UTF-8"?>
<testng-results skipped="0" failed="0" ignored="0" total="2" passed="2">
  <reporter-output>
  </reporter-output>
  <suite name="Default suite" duration-ms="41982" started-at="2019-03-24T11:25:20Z" finished-at="2019-03-24T11:26:02Z">
    <groups>
      <group name="learnmorepage">
        <method signature="LearnMoreTestCase.learnMoreTitleTestCase()[pri:0, instance:testProject.LearnMoreTestCase@4678c730]" name="learnMoreTitleTestCase" class="testProject.LearnMoreTestCase"/>
      </group> <!-- learnmorepage -->
    </groups>
    <test name="Default test" duration-ms="41982" started-at="2019-03-24T11:25:20Z" finished-at="2019-03-24T11:26:02Z">
      <class name="testProject.LearnMoreTestCase">
        <test-method status="PASS" signature="setup()[pri:0, instance:testProject.LearnMoreTestCase@4678c730]" name="setup" is-config="true" duration-ms="25627" started-at="2019-03-24T16:55:20Z" finished-at="2019-03-24T16:55:46Z">
          <reporter-output>
          </reporter-output>
        </test-method> <!-- setup -->
        <test-method status="PASS" signature="learnMoreTitleTestCase()[pri:0, instance:testProject.LearnMoreTestCase@4678c730]" name="learnMoreTitleTestCase" duration-ms="170" started-at="2019-03-24T16:55:46Z" finished-at="2019-03-24T16:55:46Z">
          <reporter-output>
          </reporter-output>
        </test-method> <!-- learnMoreTitleTestCase -->
        <test-method status="PASS" signature="tearDown()[pri:0, instance:testProject.LearnMoreTestCase@4678c730]" name="tearDown" is-config="true" duration-ms="2102" started-at="2019-03-24T16:55:46Z" finished-at="2019-03-24T16:55:48Z">
          <reporter-output>
          </reporter-output>
        </test-method> <!-- tearDown -->
        <test-method status="PASS" signature="setup()[pri:0, instance:testProject.LearnMoreTestCase@4678c730]" name="setup" is-config="true" duration-ms="13301" started-at="2019-03-24T16:55:48Z" finished-at="2019-03-24T16:56:01Z">
          <reporter-output>
          </reporter-output>
        </test-method> <!-- setup -->
        <test-method status="PASS" signature="readMainHeadsTestCase()[pri:0, instance:testProject.LearnMoreTestCase@4678c730]" name="readMainHeadsTestCase" duration-ms="636" started-at="2019-03-24T16:56:01Z" finished-at="2019-03-24T16:56:02Z">
          <reporter-output>
          </reporter-output>
        </test-method> <!-- readMainHeadsTestCase -->
        <test-method status="PASS" signature="tearDown()[pri:0, instance:testProject.LearnMoreTestCase@4678c730]" name="tearDown" is-config="true" duration-ms="114" started-at="2019-03-24T16:56:02Z" finished-at="2019-03-24T16:56:02Z">
          <reporter-output>
          </reporter-output>
        </test-method> <!-- tearDown -->
      </class> <!-- testProject.LearnMoreTestCase -->
    </test> <!-- Default test -->
  </suite> <!-- Default suite -->
</testng-results>
