<?xml version="1.0" encoding="UTF-8"?>
<!-- Generated by org.testng.reporters.JUnitXMLReporter -->
<testsuite hostname="DESKTOP-ODNDU34" ignored="0" name="Test maven testing" tests="7" failures="0" timestamp="23 Mar 2019 10:20:52 GMT" time="109.024" errors="0">
  <testcase name="learnMoreTitleTestCase" time="0.084" classname="testProject.LearnMoreTestCase"/>
  <testcase name="readMainHeadsTestCase" time="0.145" classname="testProject.LearnMoreTestCase"/>
  <testcase name="clickOnLearnMoreTestCase" time="3.458" classname="testProject.HomepageTestCase"/>
  <testcase name="homePageTitleTestCase" time="0.012" classname="testProject.HomepageTestCase"/>
  <testcase name="homePageUrlTestCase" time="0.012" classname="testProject.HomepageTestCase"/>
  <testcase name="learnMoreTitleTestCase" time="0.112" classname="testProject.TellUsTestCase"/>
  <testcase name="readMainHeadsTestCase" time="0.115" classname="testProject.TellUsTestCase"/>
</testsuite> <!-- Test maven testing -->
